2012-09-06 22:24:22 Error: [MissingControllerException] Controller class AmanagerController could not be found.
#0 /var/www/ealbum/app/webroot/index.php(92): Dispatcher->dispatch(Object(CakeRequest), Object(CakeResponse))
#1 {main}
2012-09-06 22:26:55 Error: [MissingControllerException] Controller class AmanagerController could not be found.
#0 /var/www/ealbum/app/webroot/index.php(92): Dispatcher->dispatch(Object(CakeRequest), Object(CakeResponse))
#1 {main}
2012-09-06 22:26:57 Error: [MissingControllerException] Controller class AmanagerController could not be found.
#0 /var/www/ealbum/app/webroot/index.php(92): Dispatcher->dispatch(Object(CakeRequest), Object(CakeResponse))
#1 {main}
2012-09-06 22:26:57 Error: [MissingControllerException] Controller class AmanagerController could not be found.
#0 /var/www/ealbum/app/webroot/index.php(92): Dispatcher->dispatch(Object(CakeRequest), Object(CakeResponse))
#1 {main}
2012-09-06 22:27:00 Error: [MissingControllerException] Controller class AmanagerController could not be found.
#0 /var/www/ealbum/app/webroot/index.php(92): Dispatcher->dispatch(Object(CakeRequest), Object(CakeResponse))
#1 {main}
2012-09-06 22:27:01 Error: [MissingControllerException] Controller class AmanagerController could not be found.
#0 /var/www/ealbum/app/webroot/index.php(92): Dispatcher->dispatch(Object(CakeRequest), Object(CakeResponse))
#1 {main}
2012-09-06 22:27:27 Error: [MissingControllerException] Controller class AmanagerController could not be found.
#0 /var/www/ealbum/app/webroot/index.php(92): Dispatcher->dispatch(Object(CakeRequest), Object(CakeResponse))
#1 {main}
2012-09-06 22:27:28 Error: [MissingControllerException] Controller class AmanagerController could not be found.
#0 /var/www/ealbum/app/webroot/index.php(92): Dispatcher->dispatch(Object(CakeRequest), Object(CakeResponse))
#1 {main}
2012-09-06 22:27:29 Error: [MissingControllerException] Controller class AmanagerController could not be found.
#0 /var/www/ealbum/app/webroot/index.php(92): Dispatcher->dispatch(Object(CakeRequest), Object(CakeResponse))
#1 {main}
2012-09-08 17:48:19 Error: [MissingControllerException] Controller class AmanagerController could not be found.
#0 /var/www/ealbum/app/webroot/index.php(92): Dispatcher->dispatch(Object(CakeRequest), Object(CakeResponse))
#1 {main}
2012-09-08 17:48:23 Error: [MissingControllerException] Controller class AmanagerController could not be found.
#0 /var/www/ealbum/app/webroot/index.php(92): Dispatcher->dispatch(Object(CakeRequest), Object(CakeResponse))
#1 {main}
2012-09-08 17:49:07 Error: [MissingControllerException] Controller class AmanagerController could not be found.
#0 /var/www/ealbum/app/webroot/index.php(92): Dispatcher->dispatch(Object(CakeRequest), Object(CakeResponse))
#1 {main}
2012-09-08 17:50:18 Error: [MissingControllerException] Controller class JsController could not be found.
#0 /var/www/ealbum/app/webroot/index.php(92): Dispatcher->dispatch(Object(CakeRequest), Object(CakeResponse))
#1 {main}
2012-09-08 17:50:18 Error: [MissingControllerException] Controller class JsController could not be found.
#0 /var/www/ealbum/app/webroot/index.php(92): Dispatcher->dispatch(Object(CakeRequest), Object(CakeResponse))
#1 {main}
2012-09-08 17:50:18 Error: [MissingControllerException] Controller class JsController could not be found.
#0 /var/www/ealbum/app/webroot/index.php(92): Dispatcher->dispatch(Object(CakeRequest), Object(CakeResponse))
#1 {main}
2012-09-08 17:50:18 Error: [MissingControllerException] Controller class JsController could not be found.
#0 /var/www/ealbum/app/webroot/index.php(92): Dispatcher->dispatch(Object(CakeRequest), Object(CakeResponse))
#1 {main}
2012-09-08 17:50:19 Error: [MissingControllerException] Controller class JsController could not be found.
#0 /var/www/ealbum/app/webroot/index.php(92): Dispatcher->dispatch(Object(CakeRequest), Object(CakeResponse))
#1 {main}
2012-09-08 17:50:19 Error: [MissingControllerException] Controller class JsController could not be found.
#0 /var/www/ealbum/app/webroot/index.php(92): Dispatcher->dispatch(Object(CakeRequest), Object(CakeResponse))
#1 {main}
2012-09-08 17:51:01 Error: [MissingControllerException] Controller class JsController could not be found.
#0 /var/www/ealbum/app/webroot/index.php(92): Dispatcher->dispatch(Object(CakeRequest), Object(CakeResponse))
#1 {main}
2012-09-08 17:51:01 Error: [MissingControllerException] Controller class JsController could not be found.
#0 /var/www/ealbum/app/webroot/index.php(92): Dispatcher->dispatch(Object(CakeRequest), Object(CakeResponse))
#1 {main}
2012-09-08 17:51:01 Error: [MissingControllerException] Controller class JsController could not be found.
#0 /var/www/ealbum/app/webroot/index.php(92): Dispatcher->dispatch(Object(CakeRequest), Object(CakeResponse))
#1 {main}
2012-09-08 17:51:01 Error: [MissingControllerException] Controller class JsController could not be found.
#0 /var/www/ealbum/app/webroot/index.php(92): Dispatcher->dispatch(Object(CakeRequest), Object(CakeResponse))
#1 {main}
2012-09-08 17:51:01 Error: [MissingControllerException] Controller class JsController could not be found.
#0 /var/www/ealbum/app/webroot/index.php(92): Dispatcher->dispatch(Object(CakeRequest), Object(CakeResponse))
#1 {main}
2012-09-08 17:51:02 Error: [MissingControllerException] Controller class JsController could not be found.
#0 /var/www/ealbum/app/webroot/index.php(92): Dispatcher->dispatch(Object(CakeRequest), Object(CakeResponse))
#1 {main}
2012-09-08 17:54:00 Error: [MissingControllerException] Controller class JsController could not be found.
#0 /var/www/ealbum/app/webroot/index.php(92): Dispatcher->dispatch(Object(CakeRequest), Object(CakeResponse))
#1 {main}
2012-09-08 17:54:00 Error: [MissingControllerException] Controller class JsController could not be found.
#0 /var/www/ealbum/app/webroot/index.php(92): Dispatcher->dispatch(Object(CakeRequest), Object(CakeResponse))
#1 {main}
2012-09-08 17:54:00 Error: [MissingControllerException] Controller class JsController could not be found.
#0 /var/www/ealbum/app/webroot/index.php(92): Dispatcher->dispatch(Object(CakeRequest), Object(CakeResponse))
#1 {main}
2012-09-08 17:54:00 Error: [MissingControllerException] Controller class JsController could not be found.
#0 /var/www/ealbum/app/webroot/index.php(92): Dispatcher->dispatch(Object(CakeRequest), Object(CakeResponse))
#1 {main}
2012-09-08 17:54:01 Error: [MissingControllerException] Controller class JsController could not be found.
#0 /var/www/ealbum/app/webroot/index.php(92): Dispatcher->dispatch(Object(CakeRequest), Object(CakeResponse))
#1 {main}
2012-09-08 17:54:01 Error: [MissingControllerException] Controller class JsController could not be found.
#0 /var/www/ealbum/app/webroot/index.php(92): Dispatcher->dispatch(Object(CakeRequest), Object(CakeResponse))
#1 {main}
2012-09-08 17:58:35 Error: [MissingControllerException] Controller class JsController could not be found.
#0 /var/www/ealbum/app/webroot/index.php(92): Dispatcher->dispatch(Object(CakeRequest), Object(CakeResponse))
#1 {main}
2012-09-08 17:58:35 Error: [MissingControllerException] Controller class JsController could not be found.
#0 /var/www/ealbum/app/webroot/index.php(92): Dispatcher->dispatch(Object(CakeRequest), Object(CakeResponse))
#1 {main}
2012-09-08 17:58:35 Error: [MissingControllerException] Controller class JsController could not be found.
#0 /var/www/ealbum/app/webroot/index.php(92): Dispatcher->dispatch(Object(CakeRequest), Object(CakeResponse))
#1 {main}
2012-09-08 17:58:35 Error: [MissingControllerException] Controller class JsController could not be found.
#0 /var/www/ealbum/app/webroot/index.php(92): Dispatcher->dispatch(Object(CakeRequest), Object(CakeResponse))
#1 {main}
2012-09-08 17:58:35 Error: [MissingControllerException] Controller class JsController could not be found.
#0 /var/www/ealbum/app/webroot/index.php(92): Dispatcher->dispatch(Object(CakeRequest), Object(CakeResponse))
#1 {main}
2012-09-08 17:58:35 Error: [MissingControllerException] Controller class JsController could not be found.
#0 /var/www/ealbum/app/webroot/index.php(92): Dispatcher->dispatch(Object(CakeRequest), Object(CakeResponse))
#1 {main}
2012-09-08 17:59:11 Error: [MissingControllerException] Controller class JsController could not be found.
#0 /var/www/ealbum/app/webroot/index.php(92): Dispatcher->dispatch(Object(CakeRequest), Object(CakeResponse))
#1 {main}
2012-09-08 17:59:11 Error: [MissingControllerException] Controller class JsController could not be found.
#0 /var/www/ealbum/app/webroot/index.php(92): Dispatcher->dispatch(Object(CakeRequest), Object(CakeResponse))
#1 {main}
2012-09-08 17:59:11 Error: [MissingControllerException] Controller class JsController could not be found.
#0 /var/www/ealbum/app/webroot/index.php(92): Dispatcher->dispatch(Object(CakeRequest), Object(CakeResponse))
#1 {main}
2012-09-08 17:59:14 Error: [MissingControllerException] Controller class JsController could not be found.
#0 /var/www/ealbum/app/webroot/index.php(92): Dispatcher->dispatch(Object(CakeRequest), Object(CakeResponse))
#1 {main}
2012-09-08 17:59:14 Error: [MissingControllerException] Controller class JsController could not be found.
#0 /var/www/ealbum/app/webroot/index.php(92): Dispatcher->dispatch(Object(CakeRequest), Object(CakeResponse))
#1 {main}
2012-09-08 18:01:51 Error: [MissingControllerException] Controller class JsController could not be found.
#0 /var/www/ealbum/app/webroot/index.php(92): Dispatcher->dispatch(Object(CakeRequest), Object(CakeResponse))
#1 {main}
2012-09-08 18:01:51 Error: [MissingControllerException] Controller class JsController could not be found.
#0 /var/www/ealbum/app/webroot/index.php(92): Dispatcher->dispatch(Object(CakeRequest), Object(CakeResponse))
#1 {main}
2012-09-08 18:02:16 Error: [MissingControllerException] Controller class JsController could not be found.
#0 /var/www/ealbum/app/webroot/index.php(92): Dispatcher->dispatch(Object(CakeRequest), Object(CakeResponse))
#1 {main}
2012-09-08 18:02:16 Error: [MissingControllerException] Controller class JsController could not be found.
#0 /var/www/ealbum/app/webroot/index.php(92): Dispatcher->dispatch(Object(CakeRequest), Object(CakeResponse))
#1 {main}
2012-09-08 18:04:01 Error: [MissingControllerException] Controller class JsController could not be found.
#0 /var/www/ealbum/app/webroot/index.php(92): Dispatcher->dispatch(Object(CakeRequest), Object(CakeResponse))
#1 {main}
2012-09-08 18:04:01 Error: [MissingControllerException] Controller class JsController could not be found.
#0 /var/www/ealbum/app/webroot/index.php(92): Dispatcher->dispatch(Object(CakeRequest), Object(CakeResponse))
#1 {main}
2012-09-08 22:29:55 Error: [MissingControllerException] Controller class JsController could not be found.
#0 /var/www/ealbum/app/webroot/index.php(92): Dispatcher->dispatch(Object(CakeRequest), Object(CakeResponse))
#1 {main}
2012-09-08 22:29:55 Error: [MissingControllerException] Controller class JsController could not be found.
#0 /var/www/ealbum/app/webroot/index.php(92): Dispatcher->dispatch(Object(CakeRequest), Object(CakeResponse))
#1 {main}
2012-09-08 22:29:56 Error: [MissingControllerException] Controller class JsController could not be found.
#0 /var/www/ealbum/app/webroot/index.php(92): Dispatcher->dispatch(Object(CakeRequest), Object(CakeResponse))
#1 {main}
2012-09-08 22:31:03 Error: [MissingControllerException] Controller class JsController could not be found.
#0 /var/www/ealbum/app/webroot/index.php(92): Dispatcher->dispatch(Object(CakeRequest), Object(CakeResponse))
#1 {main}
2012-09-08 22:31:03 Error: [MissingControllerException] Controller class JsController could not be found.
#0 /var/www/ealbum/app/webroot/index.php(92): Dispatcher->dispatch(Object(CakeRequest), Object(CakeResponse))
#1 {main}
2012-09-08 22:31:03 Error: [MissingControllerException] Controller class JsController could not be found.
#0 /var/www/ealbum/app/webroot/index.php(92): Dispatcher->dispatch(Object(CakeRequest), Object(CakeResponse))
#1 {main}
2012-09-08 22:34:33 Error: [MissingControllerException] Controller class JsController could not be found.
#0 /var/www/ealbum/app/webroot/index.php(92): Dispatcher->dispatch(Object(CakeRequest), Object(CakeResponse))
#1 {main}
2012-09-08 22:34:33 Error: [MissingControllerException] Controller class JsController could not be found.
#0 /var/www/ealbum/app/webroot/index.php(92): Dispatcher->dispatch(Object(CakeRequest), Object(CakeResponse))
#1 {main}
2012-09-08 22:36:28 Error: [MissingControllerException] Controller class JsController could not be found.
#0 /var/www/ealbum/app/webroot/index.php(92): Dispatcher->dispatch(Object(CakeRequest), Object(CakeResponse))
#1 {main}
2012-09-08 22:36:28 Error: [MissingControllerException] Controller class JsController could not be found.
#0 /var/www/ealbum/app/webroot/index.php(92): Dispatcher->dispatch(Object(CakeRequest), Object(CakeResponse))
#1 {main}
2012-09-08 22:37:29 Error: [MissingControllerException] Controller class JsController could not be found.
#0 /var/www/ealbum/app/webroot/index.php(92): Dispatcher->dispatch(Object(CakeRequest), Object(CakeResponse))
#1 {main}
2012-09-08 22:37:29 Error: [MissingControllerException] Controller class JsController could not be found.
#0 /var/www/ealbum/app/webroot/index.php(92): Dispatcher->dispatch(Object(CakeRequest), Object(CakeResponse))
#1 {main}
2012-09-08 22:37:29 Error: [MissingControllerException] Controller class JsController could not be found.
#0 /var/www/ealbum/app/webroot/index.php(92): Dispatcher->dispatch(Object(CakeRequest), Object(CakeResponse))
#1 {main}
2012-09-08 22:37:31 Error: [MissingControllerException] Controller class JsController could not be found.
#0 /var/www/ealbum/app/webroot/index.php(92): Dispatcher->dispatch(Object(CakeRequest), Object(CakeResponse))
#1 {main}
2012-09-08 22:37:31 Error: [MissingControllerException] Controller class JsController could not be found.
#0 /var/www/ealbum/app/webroot/index.php(92): Dispatcher->dispatch(Object(CakeRequest), Object(CakeResponse))
#1 {main}
2012-09-08 23:23:06 Error: [MissingControllerException] Controller class CssController could not be found.
#0 /var/www/ealbum/app/webroot/index.php(92): Dispatcher->dispatch(Object(CakeRequest), Object(CakeResponse))
#1 {main}
2012-09-08 23:24:29 Error: [MissingControllerException] Controller class Scaffolding.htmlController could not be found.
#0 /var/www/ealbum/app/webroot/index.php(92): Dispatcher->dispatch(Object(CakeRequest), Object(CakeResponse))
#1 {main}
2012-09-08 23:24:33 Error: [MissingControllerException] Controller class CssController could not be found.
#0 /var/www/ealbum/app/webroot/index.php(92): Dispatcher->dispatch(Object(CakeRequest), Object(CakeResponse))
#1 {main}
2012-09-08 23:25:57 Error: [MissingControllerException] Controller class CssController could not be found.
#0 /var/www/ealbum/app/webroot/index.php(92): Dispatcher->dispatch(Object(CakeRequest), Object(CakeResponse))
#1 {main}
2012-09-08 23:27:25 Error: [MissingControllerException] Controller class CssController could not be found.
#0 /var/www/ealbum/app/webroot/index.php(92): Dispatcher->dispatch(Object(CakeRequest), Object(CakeResponse))
#1 {main}
2012-09-09 16:26:04 Error: [MissingControllerException] Controller class Scaffolding.htmlController could not be found.
#0 /var/www/ealbum/app/webroot/index.php(92): Dispatcher->dispatch(Object(CakeRequest), Object(CakeResponse))
#1 {main}
2012-09-09 16:26:53 Error: [MissingControllerException] Controller class Index.htmlController could not be found.
#0 /var/www/ealbum/app/webroot/index.php(92): Dispatcher->dispatch(Object(CakeRequest), Object(CakeResponse))
#1 {main}
